"E:/Game Project/Unreal Project/FPS_BP_Demo/Content/FirstPerson/Character/Mesh/SK_Mannequin_Arms_Skeleton.uasset" 0
"E:/Game Project/Unreal Project/FPS_BP_Demo/Content/FirstPerson/Animations/FirstPerson_Idle.uasset" 1
"E:/Game Project/Unreal Project/FPS_BP_Demo/Content/FirstPerson/Animations/FirstPerson_JumpEnd.uasset" 2
"E:/Game Project/Unreal Project/FPS_BP_Demo/Content/FirstPerson/Animations/FirstPerson_JumpLoop.uasset" 3
"E:/Game Project/Unreal Project/FPS_BP_Demo/Content/FirstPerson/Animations/FirstPerson_JumpStart.uasset" 4
"E:/Game Project/Unreal Project/FPS_BP_Demo/Content/FirstPerson/Animations/FirstPerson_Run.uasset" 5
"../../../Engine/Content/EditorBlueprintResources/StandardMacros.uasset" 6
"E:/Game Project/Unreal Project/FPS_BP_Demo/Content/FirstPerson/Animations/FirstPerson_AnimBP.uasset" 7
"E:/Game Project/Unreal Project/FPS_BP_Demo/Content/FirstPerson/Character/Mesh/FirstPersonAnimBlueprint_Copy.uasset" 8
"E:/Game Project/Unreal Project/FPS_BP_Demo/Content/FirstPerson/Character/Textures/UE4_LOGO_CARD.uasset" 9
"E:/Game Project/Unreal Project/FPS_BP_Demo/Content/FirstPerson/FPWeapon/Materials/MaterialLayers/ML_Plastic_Shiny_Beige_LOGO.uasset" 10
"E:/Game Project/Unreal Project/FPS_BP_Demo/Content/FirstPerson/FPWeapon/Materials/MaterialLayers/T_ML_FineRubber.uasset" 11
"E:/Game Project/Unreal Project/FPS_BP_Demo/Content/FirstPerson/FPWeapon/Mesh/SK_FPGun_PhysicsAsset.uasset" 12
"E:/Game Project/Unreal Project/FPS_BP_Demo/Content/FirstPersonBP/FirstPersonOverview.uasset" 13
"E:/Game Project/Unreal Project/FPS_BP_Demo/Content/Geometry/Meshes/CubeMaterial.uasset" 14
"E:/Game Project/Unreal Project/FPS_BP_Demo/Content/Geometry/Meshes/1M_Cube_Chamfer.uasset" 15
"E:/Game Project/Unreal Project/FPS_BP_Demo/Content/Geometry/Meshes/TemplateFloor.uasset" 16
"E:/Game Project/Unreal Project/FPS_BP_Demo/Content/StarterContent/Materials/M_Basic_Wall.uasset" 17
"E:/Game Project/Unreal Project/FPS_BP_Demo/Content/StarterContent/Architecture/Pillar_50x500.uasset" 18
"E:/Game Project/Unreal Project/FPS_BP_Demo/Content/StarterContent/Architecture/Wall_400x300.uasset" 19
"E:/Game Project/Unreal Project/FPS_BP_Demo/Content/StarterContent/Architecture/Wall_400x400.uasset" 20
"E:/Game Project/Unreal Project/FPS_BP_Demo/Content/StarterContent/Architecture/Wall_500x500.uasset" 21
"E:/Game Project/Unreal Project/FPS_BP_Demo/Content/StarterContent/Architecture/Wall_Door_400x400.uasset" 22
"E:/Game Project/Unreal Project/FPS_BP_Demo/Content/StarterContent/Architecture/Wall_Window_400x400.uasset" 23
"E:/Game Project/Unreal Project/FPS_BP_Demo/Content/StarterContent/Audio/Collapse01.uasset" 24
"E:/Game Project/Unreal Project/FPS_BP_Demo/Content/StarterContent/Audio/Collapse02.uasset" 25
"E:/Game Project/Unreal Project/FPS_BP_Demo/Content/StarterContent/Audio/Explosion02.uasset" 26
"E:/Game Project/Unreal Project/FPS_BP_Demo/Content/StarterContent/Audio/Fire01.uasset" 27
"E:/Game Project/Unreal Project/FPS_BP_Demo/Content/StarterContent/Audio/Fire_Sparks01.uasset" 28
"E:/Game Project/Unreal Project/FPS_BP_Demo/Content/StarterContent/Audio/Light01.uasset" 29
"E:/Game Project/Unreal Project/FPS_BP_Demo/Content/StarterContent/Audio/Light01_Cue.uasset" 30
"E:/Game Project/Unreal Project/FPS_BP_Demo/Content/StarterContent/Audio/Light02.uasset" 31
"E:/Game Project/Unreal Project/FPS_BP_Demo/Content/StarterContent/Audio/Light02_Cue.uasset" 32
"E:/Game Project/Unreal Project/FPS_BP_Demo/Content/StarterContent/Audio/Smoke01.uasset" 33
"E:/Game Project/Unreal Project/FPS_BP_Demo/Content/StarterContent/Audio/Starter_Birds01.uasset" 34
"E:/Game Project/Unreal Project/FPS_BP_Demo/Content/StarterContent/Audio/Starter_Music01.uasset" 35
"E:/Game Project/Unreal Project/FPS_BP_Demo/Content/StarterContent/Audio/Starter_Wind05.uasset" 36
"E:/Game Project/Unreal Project/FPS_BP_Demo/Content/StarterContent/Audio/Starter_Wind06.uasset" 37
"E:/Game Project/Unreal Project/FPS_BP_Demo/Content/StarterContent/Audio/Steam01.uasset" 38
"E:/Game Project/Unreal Project/FPS_BP_Demo/Content/StarterContent/Audio/Explosion_Cue.uasset" 39
"E:/Game Project/Unreal Project/FPS_BP_Demo/Content/StarterContent/Textures/T_Burst_M.uasset" 40
"E:/Game Project/Unreal Project/FPS_BP_Demo/Content/StarterContent/Particles/Materials/M_Burst.uasset" 41
"E:/Game Project/Unreal Project/FPS_BP_Demo/Content/StarterContent/Textures/T_Explosion_SubUV.uasset" 42
"E:/Game Project/Unreal Project/FPS_BP_Demo/Content/StarterContent/Particles/Materials/M_explosion_subUV.uasset" 43
"E:/Game Project/Unreal Project/FPS_BP_Demo/Content/StarterContent/Particles/Materials/m_flare_01.uasset" 44
"../../../Engine/Content/Functions/Engine_MaterialFunctions01/Gradient/RadialGradient.uasset" 45
"E:/Game Project/Unreal Project/FPS_BP_Demo/Content/StarterContent/Particles/Materials/M_radial_ramp.uasset" 46
"E:/Game Project/Unreal Project/FPS_BP_Demo/Content/StarterContent/Textures/T_Smoke_SubUV.uasset" 47
"E:/Game Project/Unreal Project/FPS_BP_Demo/Content/StarterContent/Textures/T_Smoke_Tiled_D.uasset" 48
"E:/Game Project/Unreal Project/FPS_BP_Demo/Content/StarterContent/Particles/Materials/M_smoke_subUV.uasset" 49
"E:/Game Project/Unreal Project/FPS_BP_Demo/Content/StarterContent/Particles/P_Explosion.uasset" 50
"E:/Game Project/Unreal Project/FPS_BP_Demo/Content/StarterContent/Blueprints/Blueprint_Effect_Explosion.uasset" 51
"../../../Engine/Content/EditorMeshes/ColorCalibrator/T_ColorGrid.uasset" 52
"E:/Game Project/Unreal Project/FPS_BP_Demo/Content/StarterContent/Materials/M_ColorGrid_LowSpec.uasset" 53
"E:/Game Project/Unreal Project/FPS_BP_Demo/Content/StarterContent/Textures/T_Bush_D.uasset" 54
"E:/Game Project/Unreal Project/FPS_BP_Demo/Content/StarterContent/Textures/T_Bush_N.uasset" 55
"E:/Game Project/Unreal Project/FPS_BP_Demo/Content/StarterContent/Props/Materials/M_Bush.uasset" 56
"E:/Game Project/Unreal Project/FPS_BP_Demo/Content/StarterContent/Props/SM_Bush.uasset" 57
"E:/Game Project/Unreal Project/FPS_BP_Demo/Content/StarterContent/Textures/T_Chair_M.uasset" 58
"E:/Game Project/Unreal Project/FPS_BP_Demo/Content/StarterContent/Textures/T_Chair_N.uasset" 59
"E:/Game Project/Unreal Project/FPS_BP_Demo/Content/StarterContent/Props/Materials/M_Chair.uasset" 60
"E:/Game Project/Unreal Project/FPS_BP_Demo/Content/StarterContent/Props/SM_Couch.uasset" 61
"E:/Game Project/Unreal Project/FPS_BP_Demo/Content/StarterContent/Materials/M_Glass.uasset" 62
"E:/Game Project/Unreal Project/FPS_BP_Demo/Content/StarterContent/Textures/T_Door_M.uasset" 63
"E:/Game Project/Unreal Project/FPS_BP_Demo/Content/StarterContent/Textures/T_Door_N.uasset" 64
"E:/Game Project/Unreal Project/FPS_BP_Demo/Content/StarterContent/Props/Materials/M_Door.uasset" 65
"E:/Game Project/Unreal Project/FPS_BP_Demo/Content/StarterContent/Props/SM_Door.uasset" 66
"E:/Game Project/Unreal Project/FPS_BP_Demo/Content/StarterContent/Props/Materials/M_MaterialSphere.uasset" 67
"E:/Game Project/Unreal Project/FPS_BP_Demo/Content/StarterContent/Props/Materials/M_MaterialSphere_Plain.uasset" 68
"E:/Game Project/Unreal Project/FPS_BP_Demo/Content/StarterContent/Props/SM_MatPreviewMesh_02.uasset" 69
"../../../Engine/Content/Functions/Engine_MaterialFunctions02/Utility/BlendAngleCorrectedNormals.uasset" 70
"E:/Game Project/Unreal Project/FPS_BP_Demo/Content/StarterContent/Textures/T_Detail_Rocky_N.uasset" 71
"E:/Game Project/Unreal Project/FPS_BP_Demo/Content/StarterContent/Textures/T_Rock_Basalt_D.uasset" 72
"E:/Game Project/Unreal Project/FPS_BP_Demo/Content/StarterContent/Textures/T_RockMesh_M.uasset" 73
"E:/Game Project/Unreal Project/FPS_BP_Demo/Content/StarterContent/Textures/T_RockMesh_N.uasset" 74
"E:/Game Project/Unreal Project/FPS_BP_Demo/Content/StarterContent/Props/Materials/M_Rock.uasset" 75
"E:/Game Project/Unreal Project/FPS_BP_Demo/Content/StarterContent/Props/SM_Rock.uasset" 76
"E:/Game Project/Unreal Project/FPS_BP_Demo/Content/StarterContent/Textures/T_Shelf_M.uasset" 77
"E:/Game Project/Unreal Project/FPS_BP_Demo/Content/StarterContent/Textures/T_Shelf_N.uasset" 78
"E:/Game Project/Unreal Project/FPS_BP_Demo/Content/StarterContent/Props/Materials/M_Shelf.uasset" 79
"E:/Game Project/Unreal Project/FPS_BP_Demo/Content/StarterContent/Props/SM_Shelf.uasset" 80
"E:/Game Project/Unreal Project/FPS_BP_Demo/Content/StarterContent/Materials/M_Basic_Floor.uasset" 81
"E:/Game Project/Unreal Project/FPS_BP_Demo/Content/StarterContent/Props/SM_Stairs.uasset" 82
"E:/Game Project/Unreal Project/FPS_BP_Demo/Content/StarterContent/Shapes/Shape_Cone.uasset" 83
"E:/Game Project/Unreal Project/FPS_BP_Demo/Content/StarterContent/Shapes/Shape_Cylinder.uasset" 84
"E:/Game Project/Unreal Project/FPS_BP_Demo/Content/StarterContent/Shapes/Shape_NarrowCapsule.uasset" 85
"E:/Game Project/Unreal Project/FPS_BP_Demo/Content/StarterContent/Shapes/Shape_Pipe_180.uasset" 86
"E:/Game Project/Unreal Project/FPS_BP_Demo/Content/StarterContent/Shapes/Shape_Pipe_90.uasset" 87
"E:/Game Project/Unreal Project/FPS_BP_Demo/Content/StarterContent/Shapes/Shape_Plane.uasset" 88
"E:/Game Project/Unreal Project/FPS_BP_Demo/Content/StarterContent/Shapes/Shape_Torus.uasset" 89
"E:/Game Project/Unreal Project/FPS_BP_Demo/Content/StarterContent/Shapes/Shape_Trim.uasset" 90
"E:/Game Project/Unreal Project/FPS_BP_Demo/Content/StarterContent/Shapes/Shape_Trim_90_In.uasset" 91
"E:/Game Project/Unreal Project/FPS_BP_Demo/Content/StarterContent/Shapes/Shape_Trim_90_Out.uasset" 92
"E:/Game Project/Unreal Project/FPS_BP_Demo/Content/StarterContent/Shapes/Shape_TriPyramid.uasset" 93
"E:/Game Project/Unreal Project/FPS_BP_Demo/Content/StarterContent/Shapes/Shape_Tube.uasset" 94
"E:/Game Project/Unreal Project/FPS_BP_Demo/Content/StarterContent/Shapes/Shape_Wedge_A.uasset" 95
"E:/Game Project/Unreal Project/FPS_BP_Demo/Content/StarterContent/Shapes/Shape_Wedge_B.uasset" 96
"E:/Game Project/Unreal Project/FPS_BP_Demo/Content/StarterContent/Shapes/Shape_WideCapsule.uasset" 97
"../../../Engine/Content/Animation/DefaultAnimCurveCompressionSettings.uasset" 98
"../../../Engine/Content/Functions/Engine_MaterialFunctions01/Opacity/CameraDepthFade.uasset" 99
"../../../Engine/Content/EngineMaterials/T_Default_Material_Grid_M.uasset" 100
"../../../Engine/Content/EngineMaterials/T_Default_Material_Grid_N.uasset" 101
"../../../Engine/Content/EngineMaterials/WorldGridMaterial.uasset" 102
"../../../Engine/Content/ArtTools/RenderToTexture/Meshes/S_1_Unit_Plane.uasset" 103
"../../../Engine/Content/EngineMaterials/DefaultMaterial.uasset" 104
"../../../Engine/Content/BasicShapes/Cone.uasset" 105
"../../../Engine/Content/BasicShapes/Cube.uasset" 106
"../../../Engine/Content/BasicShapes/Plane.uasset" 107
"../../../Engine/Content/BasicShapes/Sphere.uasset" 108
"../../../Engine/Content/EditorLandscapeResources/DataLayer.uasset" 109
"../../../Engine/Content/EditorMaterials/GizmoMaterial.uasset" 110
"../../../Engine/Content/EditorMaterials/MAT_Groups_Toggle.uasset" 111
"../../../Engine/Content/EditorMaterials/MAT_Groups_Visibility.uasset" 112
"../../../Engine/Content/EditorMaterials/PreviewShadowIndicator.uasset" 113
"../../../Engine/Content/EditorMaterials/PreviewShadowIndicatorMaterial.uasset" 114
"../../../Engine/Content/EditorMaterials/MatineeGroups/MAT_ColorTrack.uasset" 115
"../../../Engine/Content/EditorMaterials/MatineeGroups/MAT_Groups_Anim.uasset" 116
"../../../Engine/Content/EditorMaterials/MatineeGroups/MAT_Groups_AudioMaster.uasset" 117
"../../../Engine/Content/EditorMaterials/MatineeGroups/MAT_Groups_Director.uasset" 118
"../../../Engine/Content/EditorMaterials/MatineeGroups/MAT_Groups_Event.uasset" 119
"../../../Engine/Content/EditorMaterials/MatineeGroups/MAT_Groups_Fade.uasset" 120
"../../../Engine/Content/EditorMaterials/MatineeGroups/MAT_Groups_Float.uasset" 121
"../../../Engine/Content/EditorMaterials/MatineeGroups/MAT_Groups_Move.uasset" 122
"../../../Engine/Content/EditorMaterials/MatineeGroups/MAT_Groups_Slomo.uasset" 123
"../../../Engine/Content/EditorMaterials/MatineeGroups/MAT_Groups_Sound.uasset" 124
"../../../Engine/Content/EditorMaterials/MatineeGroups/MAT_Groups_Vector.uasset" 125
"../../../Engine/Content/EditorMaterials/ParticleSystems/PSysThumbnail_NoImage.uasset" 126
"../../../Engine/Content/EditorMaterials/ParticleSystems/PSysThumbnail_OOD.uasset" 127
"../../../Engine/Content/EditorMaterials/Camera/CineMat.uasset" 128
"../../../Engine/Content/EditorMaterials/Camera/MI_CineMat_Rig.uasset" 129
"../../../Engine/Content/EditorMeshes/Camera/SM_CraneRig_Arm.uasset" 130
"../../../Engine/Content/EditorMeshes/Camera/SM_CraneRig_Base.uasset" 131
"../../../Engine/Content/EditorMeshes/Camera/SM_CraneRig_Body.uasset" 132
"../../../Engine/Content/EditorMeshes/Camera/SM_CraneRig_Mount.uasset" 133
"../../../Engine/Content/EditorMeshes/Camera/SM_RailRig_Mount.uasset" 134
"../../../Engine/Content/EditorMeshes/Camera/SM_RailRig_Track.uasset" 135
"../../../Engine/Content/EditorResources/BSPVertex.uasset" 136
"../../../Engine/Content/EditorResources/EmptyActor.uasset" 137
"../../../Engine/Content/EditorResources/S_Actor.uasset" 138
"../../../Engine/Content/EditorResources/S_Note.uasset" 139
"../../../Engine/Content/EditorResources/S_Trigger.uasset" 140
"../../../Engine/Content/EditorResources/AudioIcons/S_AudioComponent.uasset" 141
"../../../Engine/Content/EditorResources/AudioIcons/S_AudioComponent_AutoActivate.uasset" 142
"../../../Engine/Content/EditorResources/LightIcons/S_LightError.uasset" 143
"../../../Engine/Content/EditorResources/SequenceRecorder/Countdown.uasset" 144
"../../../Engine/Content/EditorResources/SequenceRecorder/RecordingIndicator.uasset" 145
"../../../Engine/Content/EditorSounds/Notifications/CompileFailed.uasset" 146
"../../../Engine/Content/EditorSounds/Notifications/CompileFailed_Cue.uasset" 147
"../../../Engine/Content/EditorSounds/Notifications/CompileSuccess.uasset" 148
"../../../Engine/Content/EditorSounds/Notifications/CompileStart_Cue.uasset" 149
"../../../Engine/Content/EditorSounds/Notifications/CompileSuccess_Cue.uasset" 150
"../../../Engine/Content/EngineDamageTypes/DmgTypeBP_Environmental.uasset" 151
"../../../Engine/Content/EngineDebugMaterials/HeatmapGradient.uasset" 152
"../../../Engine/Content/EngineDebugMaterials/BoneWeightMaterial.uasset" 153
"../../../Engine/Content/EngineDebugMaterials/ClothMaterial.uasset" 154
"../../../Engine/Content/EngineDebugMaterials/ClothMaterial_WF.uasset" 155
"../../../Engine/Content/EngineDebugMaterials/DebugEditorMaterial.uasset" 156
"../../../Engine/Content/EngineDebugMaterials/DebugMeshMaterial.uasset" 157
"../../../Engine/Content/EngineDebugMaterials/GeomMaterial.uasset" 158
"../../../Engine/Content/EngineDebugMaterials/M_SimpleTranslucent.uasset" 159
"../../../Engine/Content/EngineFonts/Faces/RobotoBold.uasset" 160
"../../../Engine/Content/EngineFonts/Faces/RobotoBoldItalic.uasset" 161
"../../../Engine/Content/EngineFonts/Faces/RobotoItalic.uasset" 162
"../../../Engine/Content/EngineFonts/Faces/RobotoLight.uasset" 163
"../../../Engine/Content/EngineFonts/Faces/RobotoRegular.uasset" 164
"../../../Engine/Content/EngineFonts/Roboto.uasset" 165
"../../../Engine/Content/EngineFonts/Faces/RobotoTiny.uasset" 166
"../../../Engine/Content/EngineFonts/RobotoTiny.uasset" 167
"../../../Engine/Content/EngineMaterials/BaseFlattenDiffuseMap.uasset" 168
"../../../Engine/Content/EngineMaterials/BaseFlattenEmissiveMap.uasset" 169
"../../../Engine/Content/EngineMaterials/BaseFlattenGrayscaleMap.uasset" 170
"../../../Engine/Content/EngineMaterials/BaseFlattenNormalMap.uasset" 171
"../../../Engine/Content/EngineMaterials/BaseFlattenMaterial.uasset" 172
"../../../Engine/Content/EngineMaterials/DefaultBloomKernel.uasset" 173
"../../../Engine/Content/EngineMaterials/DefaultBokeh.uasset" 174
"../../../Engine/Content/EngineMaterials/DefaultDiffuse.uasset" 175
"../../../Engine/Content/EngineMaterials/DefaultDeferredDecalMaterial.uasset" 176
"../../../Engine/Content/EngineMaterials/DefaultLightFunctionMaterial.uasset" 177
"../../../Engine/Content/EngineMaterials/DefaultPhysicalMaterial.uasset" 178
"../../../Engine/Content/Functions/Engine_MaterialFunctions02/Utility/BreakOutFloat2Components.uasset" 179
"../../../Engine/Content/EngineMaterials/DefaultPostProcessMaterial.uasset" 180
"../../../Engine/Content/EngineFonts/RobotoDistanceField.uasset" 181
"../../../Engine/Content/EngineMaterials/DefaultTextMaterialOpaque.uasset" 182
"../../../Engine/Content/EngineMaterials/DefaultWhiteGrid.uasset" 183
"../../../Engine/Content/EngineMaterials/EditorBrushMaterial.uasset" 184
"../../../Engine/Content/EngineMaterials/Good64x64TilingNoiseHighFreq.uasset" 185
"../../../Engine/Content/EngineMaterials/MiniFont.uasset" 186
"../../../Engine/Content/EngineMaterials/InvalidLightmapSettings.uasset" 187
"../../../Engine/Content/EngineMaterials/M_InvalidLightmapSettings.uasset" 188
"../../../Engine/Content/Functions/Engine_MaterialFunctions02/WorldPositionOffset/CameraOffset.uasset" 189
"../../../Engine/Content/EngineMaterials/PhAT_JointLimitMaterial.uasset" 190
"../../../Engine/Content/EngineMaterials/PreintegratedSkinBRDF.uasset" 191
"../../../Engine/Content/EngineMaterials/RemoveSurfaceMaterial.uasset" 192
"../../../Engine/Content/EngineMaterials/WeightMapPlaceholderTexture.uasset" 193
"../../../Engine/Content/EngineResources/WhiteSquareTexture.uasset" 194
"../../../Engine/Content/EngineMaterials/Widget3DPassThrough.uasset" 195
"../../../Engine/Content/EngineMaterials/Widget3DPassThrough_Masked.uasset" 196
"../../../Engine/Content/EngineMaterials/Widget3DPassThrough_Opaque.uasset" 197
"../../../Engine/Content/EngineMaterials/Widget3DPassThrough_Masked_OneSided.uasset" 198
"../../../Engine/Content/EngineMaterials/Widget3DPassThrough_Opaque_OneSided.uasset" 199
"../../../Engine/Content/EngineMaterials/Widget3DPassThrough_Translucent.uasset" 200
"../../../Engine/Content/EngineMaterials/Widget3DPassThrough_Translucent_OneSided.uasset" 201
"../../../Engine/Content/EngineMeshes/Cylinder.uasset" 202
"../../../Engine/Content/EngineMeshes/Sphere.uasset" 203
"../../../Engine/Content/EngineResources/Black.uasset" 204
"../../../Engine/Content/EngineResources/DefaultTexture.uasset" 205
"../../../Engine/Content/EngineResources/DefaultTextureCube.uasset" 206
"../../../Engine/Content/EngineResources/DefaultVolumeTexture2D.uasset" 207
"../../../Engine/Content/EngineResources/DefaultVolumeTexture.uasset" 208
"../../../Engine/Content/EngineResources/GradientTexture0.uasset" 209
"../../../Engine/Content/EngineSounds/Master.uasset" 210
"../../../Engine/Content/Functions/Engine_MaterialFunctions01/Shading/ConvertFromDiffSpec.uasset" 211
"../../../Engine/Content/Functions/Engine_MaterialFunctions01/Shading/PowerToRoughness.uasset" 212
"../../../Engine/Content/Maps/Templates/Thumbnails/Default.uasset" 213
"../../../Engine/Content/Maps/Templates/Thumbnails/VR-Basic.uasset" 214
"../../../Engine/Content/MobileResources/T_MobileControls_texture.uasset" 215
"../../../Engine/Content/MobileResources/T_MobileMenu2.uasset" 216
"../../../Engine/Content/MobileResources/HUD/AnalogHat.uasset" 217
"../../../Engine/Content/MobileResources/HUD/VirtualJoystick_Background.uasset" 218
"../../../Engine/Content/MobileResources/HUD/VirtualJoystick_Thumb.uasset" 219
"../../../Engine/Content/MobileResources/HUD/DefaultVirtualJoysticks.uasset" 220
"../../../Engine/Content/MobileResources/HUD/LeftVirtualJoystickOnly.uasset" 221
"../../../Engine/Content/MobileResources/HUD/MobileHUDButton1_off.uasset" 222
"../../../Engine/Content/MobileResources/HUD/MobileHUDButton1_on.uasset" 223
"../../../Engine/Content/MobileResources/HUD/MobileHUDButton2_off.uasset" 224
"../../../Engine/Content/MobileResources/HUD/MobileHUDButton2_on.uasset" 225
"../../../Engine/Content/MobileResources/HUD/MobileHUDButton3.uasset" 226
"../../../Engine/Content/MobileResources/HUD/MobileHUDButtonFire.uasset" 227
"../../../Engine/Content/MobileResources/HUD/MobileHUDDirectionPad.uasset" 228
"../../../Engine/Content/MobileResources/HUD/MobileHUDDirectionPad2.uasset" 229
"../../../Engine/Content/MobileResources/HUD/MobileHUDDirectionPad3.uasset" 230
"../../../Engine/Content/MobileResources/HUD/MobileHUDDirectionStick.uasset" 231
"../../../Engine/Content/MobileResources/HUD/T_Castle_ThumbstickInner.uasset" 232
"../../../Engine/Content/MobileResources/HUD/T_Castle_ThumbstickOutter.uasset" 233
"../../../Engine/Content/Tutorial/ContentIntroCurve.uasset" 234
"../../../Engine/Content/Tutorial/Basics/LevelEditorAttract.uasset" 235
"../../../Engine/Content/Tutorial/Basics/TutorialAssets/icon_tab_Levels_40x.uasset" 236
"../../../Engine/Content/Tutorial/Basics/LevelEditorOverview.uasset" 237
"../../../Engine/Content/VREditor/LaserPointer/VR_LaserPower_01.uasset" 238
"../../../Engine/Content/VREditor/TransformGizmo/TransformGizmoMaterial.uasset" 239
"../../../Engine/Content/VREditor/TransformGizmo/TranslucentTransformGizmoMaterial.uasset" 240
"../../../Engine/Content/VREditor/TransformGizmo/BoundingBoxCorner.uasset" 241
"../../../Engine/Content/VREditor/TransformGizmo/BoundingBoxEdge.uasset" 242
"../../../Engine/Content/VREditor/TransformGizmo/PlaneTranslationHandle.uasset" 243
"../../../Engine/Content/VREditor/TransformGizmo/Main.uasset" 244
"../../../Engine/Content/VREditor/TransformGizmo/Xray.uasset" 245
"../../../Engine/Content/VREditor/TransformGizmo/SM_Sequencer_Key.uasset" 246
"../../../Engine/Content/VREditor/TransformGizmo/SM_Sequencer_Node.uasset" 247
"../../Plugins/2D/Paper2D/Content/PlaceholderTextures/DummySpriteTexture.uasset" 248
"../../Plugins/2D/Paper2D/Content/DummySprite.uasset" 249
"../../Plugins/2D/Paper2D/Content/DefaultPaperTerrainMaterial.uasset" 250
"../../Plugins/2D/Paper2D/Content/DummySpriteTexture.uasset" 251
"../../Plugins/2D/Paper2D/Content/DefaultSpriteMaterial.uasset" 252
"../../Plugins/2D/Paper2D/Content/MaskedUnlitSpriteMaterial.uasset" 253
"../../Plugins/2D/Paper2D/Content/OpaqueUnlitSpriteMaterial.uasset" 254
"../../Plugins/Runtime/Oculus/OculusVR/Content/OculusMR_RenderTarget.uasset" 255
"../../../Engine/Content/Functions/Engine_MaterialFunctions02/Utility/BreakOutFloat4Components.uasset" 256
"../../../Engine/Content/Functions/Engine_MaterialFunctions02/Utility/MakeFloat2.uasset" 257
"../../../Engine/Content/Functions/Engine_MaterialFunctions02/Utility/MakeFloat3.uasset" 258
"../../Plugins/Runtime/Oculus/OculusVR/Content/Materials/OculusMR_ChromaKey.uasset" 259
"../../Plugins/Runtime/Oculus/OculusVR/Content/Materials/OculusMR_ChromaKey_Lit.uasset" 260
"../../Plugins/Runtime/Oculus/OculusVR/Content/Materials/OculusMR_OpaqueColoredMaterial.uasset" 261
"../../Plugins/Runtime/Oculus/OculusVR/Content/Materials/OculusMR_WhiteMaterial.uasset" 262
"../../Plugins/Runtime/Oculus/OculusVR/Content/Materials/PokeAHoleMaterial.uasset" 263
"../../Plugins/Runtime/Oculus/OculusVR/Content/Textures/GearVRController_AO.uasset" 264
"../../Plugins/Runtime/Oculus/OculusVR/Content/Textures/GearVRController_Color.uasset" 265
"../../Plugins/Runtime/Oculus/OculusVR/Content/Textures/GearVRController_Normal.uasset" 266
"../../Plugins/Runtime/Oculus/OculusVR/Content/Materials/GearVRControllerMaterial.uasset" 267
"../../Plugins/Runtime/Oculus/OculusVR/Content/Meshes/GearVrController.uasset" 268
"../../Plugins/Runtime/Oculus/OculusVR/Content/Textures/touchController_albedo.uasset" 269
"../../Plugins/Runtime/Oculus/OculusVR/Content/Textures/touchController_controlmap.uasset" 270
"../../Plugins/Runtime/Oculus/OculusVR/Content/Materials/touchController_mat.uasset" 271
"../../Plugins/Runtime/Oculus/OculusVR/Content/Meshes/LeftTouchController.uasset" 272
"../../Plugins/Runtime/Oculus/OculusVR/Content/Meshes/RiftHMD.uasset" 273
"../../Plugins/Runtime/Oculus/OculusVR/Content/Meshes/RightTouchController.uasset" 274
"E:/Game Project/Unreal Project/FPS_BP_Demo/Content/FirstPerson/Animations/FirstPerson_Fire.uasset" 275
"E:/Game Project/Unreal Project/FPS_BP_Demo/Content/FirstPerson/Animations/FirstPersonFire_Montage.uasset" 276
"E:/Game Project/Unreal Project/FPS_BP_Demo/Content/FirstPerson/Meshes/BaseMaterial.uasset" 277
"E:/Game Project/Unreal Project/FPS_BP_Demo/Content/FirstPerson/Meshes/FirstPersonProjectileMaterial.uasset" 278
"E:/Game Project/Unreal Project/FPS_BP_Demo/Content/FirstPerson/Meshes/FirstPersonProjectileMesh.uasset" 279
"E:/Game Project/Unreal Project/FPS_BP_Demo/Content/FirstPersonBP/Blueprints/FirstPersonProjectile.uasset" 280
"E:/Game Project/Unreal Project/FPS_BP_Demo/Content/FirstPerson/Audio/FirstPersonTemplateWeaponFire02.uasset" 281
"../../../Engine/Content/Functions/MaterialLayerFunctions/MatLayerBlend_NormalBlend.uasset" 282
"../../../Engine/Content/Functions/MaterialLayerFunctions/MatLayerBlend_Simple.uasset" 283
"E:/Game Project/Unreal Project/FPS_BP_Demo/Content/FirstPerson/Character/Materials/MaterialLayers/T_ML_Rubber_Blue_01_D.uasset" 284
"E:/Game Project/Unreal Project/FPS_BP_Demo/Content/FirstPerson/Character/Materials/MaterialLayers/T_ML_Rubber_Blue_01_N.uasset" 285
"E:/Game Project/Unreal Project/FPS_BP_Demo/Content/FirstPerson/Character/Materials/MaterialLayers/ML_GlossyBlack_Latex_UE4.uasset" 286
"E:/Game Project/Unreal Project/FPS_BP_Demo/Content/FirstPerson/Character/Materials/MaterialLayers/ML_Plastic_Shiny_Beige.uasset" 287
"E:/Game Project/Unreal Project/FPS_BP_Demo/Content/FirstPerson/Character/Materials/MaterialLayers/ML_Plastic_Shiny_Beige_LOGO.uasset" 288
"E:/Game Project/Unreal Project/FPS_BP_Demo/Content/FirstPerson/Character/Materials/MaterialLayers/T_ML_Aluminum01.uasset" 289
"E:/Game Project/Unreal Project/FPS_BP_Demo/Content/FirstPerson/Character/Materials/MaterialLayers/T_ML_Aluminum01_N.uasset" 290
"E:/Game Project/Unreal Project/FPS_BP_Demo/Content/FirstPerson/Character/Materials/MaterialLayers/ML_SoftMetal_UE4.uasset" 291
"E:/Game Project/Unreal Project/FPS_BP_Demo/Content/FirstPerson/Character/Textures/UE4_Mannequin__normals.uasset" 292
"E:/Game Project/Unreal Project/FPS_BP_Demo/Content/FirstPerson/Character/Textures/UE4_Mannequin_MAT_MASKA.uasset" 293
"E:/Game Project/Unreal Project/FPS_BP_Demo/Content/FirstPerson/Character/Materials/M_UE4Man_Body.uasset" 294
"E:/Game Project/Unreal Project/FPS_BP_Demo/Content/FirstPerson/Character/Mesh/SK_Mannequin_Arms_PhysicsAsset.uasset" 295
"E:/Game Project/Unreal Project/FPS_BP_Demo/Content/FirstPerson/Character/Mesh/SK_Mannequin_Arms.uasset" 296
"E:/Game Project/Unreal Project/FPS_BP_Demo/Content/FirstPerson/FPWeapon/Materials/MaterialLayers/T_ML_Rubber_Blue_01_D.uasset" 297
"E:/Game Project/Unreal Project/FPS_BP_Demo/Content/FirstPerson/FPWeapon/Materials/MaterialLayers/T_ML_Rubber_Blue_01_N.uasset" 298
"E:/Game Project/Unreal Project/FPS_BP_Demo/Content/FirstPerson/FPWeapon/Materials/MaterialLayers/ML_GlossyBlack_Latex_UE4.uasset" 299
"E:/Game Project/Unreal Project/FPS_BP_Demo/Content/FirstPerson/FPWeapon/Materials/MaterialLayers/ML_Plastic_Shiny_Beige.uasset" 300
"E:/Game Project/Unreal Project/FPS_BP_Demo/Content/FirstPerson/FPWeapon/Materials/MaterialLayers/ML_Screen.uasset" 301
"E:/Game Project/Unreal Project/FPS_BP_Demo/Content/FirstPerson/FPWeapon/Materials/MaterialLayers/T_ML_Aluminum01.uasset" 302
"E:/Game Project/Unreal Project/FPS_BP_Demo/Content/FirstPerson/FPWeapon/Materials/MaterialLayers/T_ML_Aluminum01_N.uasset" 303
"E:/Game Project/Unreal Project/FPS_BP_Demo/Content/FirstPerson/FPWeapon/Materials/MaterialLayers/ML_SoftMetal_UE4.uasset" 304
"E:/Game Project/Unreal Project/FPS_BP_Demo/Content/FirstPerson/FPWeapon/Textures/T_FPGun_M.uasset" 305
"E:/Game Project/Unreal Project/FPS_BP_Demo/Content/FirstPerson/FPWeapon/Textures/T_FPGun_N.uasset" 306
"E:/Game Project/Unreal Project/FPS_BP_Demo/Content/FirstPerson/FPWeapon/Materials/M_FPGun.uasset" 307
"E:/Game Project/Unreal Project/FPS_BP_Demo/Content/FirstPerson/FPWeapon/Mesh/SK_FPGun_Skeleton.uasset" 308
"E:/Game Project/Unreal Project/FPS_BP_Demo/Content/FirstPerson/FPWeapon/Mesh/SK_FPGun.uasset" 309
"E:/Game Project/Unreal Project/FPS_BP_Demo/Content/FirstPersonBP/UI/HUD.uasset" 310
"E:/Game Project/Unreal Project/FPS_BP_Demo/Content/FirstPersonBP/UI/WinMenu.uasset" 311
"E:/Game Project/Unreal Project/FPS_BP_Demo/Content/FirstPersonBP/Blueprints/FirstPersonCharacter.uasset" 312
"../../../Engine/Content/EngineSky/C_Sky_Cloud_Color.uasset" 313
"../../../Engine/Content/EngineSky/C_Sky_Horizon_Color.uasset" 314
"../../../Engine/Content/EngineSky/C_Sky_Zenith_Color.uasset" 315
"../../../Engine/Content/EngineSky/T_Sky_Blue.uasset" 316
"../../../Engine/Content/EngineSky/T_Sky_Clouds_M.uasset" 317
"../../../Engine/Content/EngineSky/T_Sky_Stars.uasset" 318
"../../../Engine/Content/EngineSky/M_Sky_Panning_Clouds2.uasset" 319
"../../../Engine/Content/EngineSky/SM_SkySphere.uasset" 320
"../../../Engine/Content/EngineSky/BP_Sky_Sphere.uasset" 321
"E:/Game Project/Unreal Project/FPS_BP_Demo/Content/StarterContent/Shapes/Shape_Pipe.uasset" 322
"E:/Game Project/Unreal Project/FPS_BP_Demo/Content/FirstPersonBP/Blueprints/AmmoPickup.uasset" 323
"../../../Engine/Content/BasicShapes/BasicShapeMaterial.uasset" 324
"E:/Game Project/Unreal Project/FPS_BP_Demo/Content/FirstPersonBP/Materials/TargetRad.uasset" 325
"../../../Engine/Content/BasicShapes/Cylinder.uasset" 326
"E:/Game Project/Unreal Project/FPS_BP_Demo/Content/StarterContent/Audio/Explosion01.uasset" 327
"E:/Game Project/Unreal Project/FPS_BP_Demo/Content/FirstPersonBP/Blueprints/CylinderTarget_Blueprint.uasset" 328
"E:/Game Project/Unreal Project/FPS_BP_Demo/Content/FirstPerson/Textures/FirstPersonCrosshair.uasset" 329
"E:/Game Project/Unreal Project/FPS_BP_Demo/Content/FirstPersonBP/Blueprints/FirstPersonHUD.uasset" 330
"E:/Game Project/Unreal Project/FPS_BP_Demo/Content/FirstPersonBP/Blueprints/FirstPersonGameMode.uasset" 331
"E:/Game Project/Unreal Project/FPS_BP_Demo/Content/FirstPersonBP/Maps/FirstPersonExampleMap_BuiltData.uasset" 332
"../../../Engine/Content/Functions/Engine_MaterialFunctions03/Procedurals/ComputeFilterWidth.uasset" 333
"../../../Engine/Content/EngineMaterials/AntiAliasedTextMaterialTranslucent.uasset" 334
"E:/Game Project/Unreal Project/FPS_BP_Demo/Content/FirstPerson/Meshes/CubeMaterialOverride.uasset" 335
"E:/Game Project/Unreal Project/FPS_BP_Demo/Content/Geometry/Meshes/1M_Cube.uasset" 336
"E:/Game Project/Unreal Project/FPS_BP_Demo/Content/FirstPersonBP/Maps/FirstPersonExampleMap.umap" 337
"E:/Game Project/Unreal Project/FPS_BP_Demo/Content/StarterContent/Blueprints/Assets/FogBrightnessLUT.uasset" 338
"E:/Game Project/Unreal Project/FPS_BP_Demo/Content/StarterContent/Blueprints/Assets/SunlightColorLUT.uasset" 339
"E:/Game Project/Unreal Project/FPS_BP_Demo/Content/StarterContent/Blueprints/Assets/M_LightStage_Arrows.uasset" 340
"../../../Engine/Content/MapTemplates/Sky/DaylightAmbientCubemap.uasset" 341
"E:/Game Project/Unreal Project/FPS_BP_Demo/Content/StarterContent/Blueprints/Assets/M_LightStage_Skybox_Master.uasset" 342
"E:/Game Project/Unreal Project/FPS_BP_Demo/Content/StarterContent/Blueprints/Assets/M_LightStage_Skybox_Black.uasset" 343
"E:/Game Project/Unreal Project/FPS_BP_Demo/Content/StarterContent/Blueprints/Assets/M_LightStage_Skybox_HDRI.uasset" 344
"../../../Engine/Content/EditorMaterials/Thumbnails/SkySphereMaterial.uasset" 345
"E:/Game Project/Unreal Project/FPS_BP_Demo/Content/StarterContent/Blueprints/Assets/Skybox.uasset" 346
"E:/Game Project/Unreal Project/FPS_BP_Demo/Content/StarterContent/Blueprints/Assets/SM_Arrows.uasset" 347
"E:/Game Project/Unreal Project/FPS_BP_Demo/Content/StarterContent/HDRI/HDRI_Epic_Courtyard_Daylight.uasset" 348
"E:/Game Project/Unreal Project/FPS_BP_Demo/Content/StarterContent/Blueprints/BP_LightStudio.uasset" 349
"E:/Game Project/Unreal Project/FPS_BP_Demo/Content/StarterContent/Maps/Advanced_Lighting_BuiltData.uasset" 350
"E:/Game Project/Unreal Project/FPS_BP_Demo/Content/StarterContent/Materials/M_AssetPlatform.uasset" 351
"../../../Engine/Content/EditorMeshes/ColorCalibrator/M_ChromeBall.uasset" 352
"../../../Engine/Content/EditorMeshes/ColorCalibrator/M_ClearCoat.uasset" 353
"../../../Engine/Content/EditorMeshes/ColorCalibrator/M_ClearCoatBlack.uasset" 354
"../../../Engine/Content/EditorMeshes/ColorCalibrator/Color_checker.uasset" 355
"../../../Engine/Content/EditorMeshes/ColorCalibrator/M_ColorGrid.uasset" 356
"../../../Engine/Content/EditorMeshes/ColorCalibrator/M_GreyBall.uasset" 357
"../../../Engine/Content/EditorMeshes/ColorCalibrator/SM_ColorCalibrator.uasset" 358
"E:/Game Project/Unreal Project/FPS_BP_Demo/Content/StarterContent/Architecture/SM_AssetPlatform.uasset" 359
"E:/Game Project/Unreal Project/FPS_BP_Demo/Content/StarterContent/Maps/Advanced_Lighting.umap" 360
"E:/Game Project/Unreal Project/FPS_BP_Demo/Content/StarterContent/Maps/Minimal_Default_BuiltData.uasset" 361
"E:/Game Project/Unreal Project/FPS_BP_Demo/Content/StarterContent/Textures/T_MacroVariation.uasset" 362
"E:/Game Project/Unreal Project/FPS_BP_Demo/Content/StarterContent/Materials/M_Metal_Brushed_Nickel.uasset" 363
"E:/Game Project/Unreal Project/FPS_BP_Demo/Content/StarterContent/Textures/T_Metal_Aluminum_D.uasset" 364
"E:/Game Project/Unreal Project/FPS_BP_Demo/Content/StarterContent/Textures/T_Metal_Gold_N.uasset" 365
"E:/Game Project/Unreal Project/FPS_BP_Demo/Content/StarterContent/Materials/M_Metal_Burnished_Steel.uasset" 366
"E:/Game Project/Unreal Project/FPS_BP_Demo/Content/StarterContent/Textures/T_Metal_Copper_D.uasset" 367
"E:/Game Project/Unreal Project/FPS_BP_Demo/Content/StarterContent/Materials/M_Metal_Copper.uasset" 368
"E:/Game Project/Unreal Project/FPS_BP_Demo/Content/StarterContent/Textures/T_Statue_M.uasset" 369
"E:/Game Project/Unreal Project/FPS_BP_Demo/Content/StarterContent/Textures/T_Statue_N.uasset" 370
"E:/Game Project/Unreal Project/FPS_BP_Demo/Content/StarterContent/Props/Materials/M_StatueGlass.uasset" 371
"E:/Game Project/Unreal Project/FPS_BP_Demo/Content/StarterContent/Architecture/Floor_400x400.uasset" 372
"E:/Game Project/Unreal Project/FPS_BP_Demo/Content/StarterContent/Audio/Starter_Background_Cue.uasset" 373
"E:/Game Project/Unreal Project/FPS_BP_Demo/Content/StarterContent/Props/SM_Chair.uasset" 374
"E:/Game Project/Unreal Project/FPS_BP_Demo/Content/StarterContent/Props/Materials/M_Statue.uasset" 375
"E:/Game Project/Unreal Project/FPS_BP_Demo/Content/StarterContent/Props/SM_Statue.uasset" 376
"E:/Game Project/Unreal Project/FPS_BP_Demo/Content/StarterContent/Textures/T_TableRound_M.uasset" 377
"E:/Game Project/Unreal Project/FPS_BP_Demo/Content/StarterContent/Textures/T_TableRound_N.uasset" 378
"E:/Game Project/Unreal Project/FPS_BP_Demo/Content/StarterContent/Props/Materials/M_TableRound.uasset" 379
"E:/Game Project/Unreal Project/FPS_BP_Demo/Content/StarterContent/Props/SM_TableRound.uasset" 380
"E:/Game Project/Unreal Project/FPS_BP_Demo/Content/StarterContent/Maps/Minimal_Default.umap" 381
"E:/Game Project/Unreal Project/FPS_BP_Demo/Content/StarterContent/Audio/Fire01_Cue.uasset" 382
"E:/Game Project/Unreal Project/FPS_BP_Demo/Content/StarterContent/Textures/T_Fire_SubUV.uasset" 383
"E:/Game Project/Unreal Project/FPS_BP_Demo/Content/StarterContent/Textures/T_Fire_Tiled_D.uasset" 384
"E:/Game Project/Unreal Project/FPS_BP_Demo/Content/StarterContent/Particles/Materials/M_Fire_SubUV.uasset" 385
"E:/Game Project/Unreal Project/FPS_BP_Demo/Content/StarterContent/Textures/T_Water_N.uasset" 386
"E:/Game Project/Unreal Project/FPS_BP_Demo/Content/StarterContent/Particles/Materials/M_Heat_Distortion.uasset" 387
"E:/Game Project/Unreal Project/FPS_BP_Demo/Content/StarterContent/Particles/Materials/M_Radial_Gradient.uasset" 388
"E:/Game Project/Unreal Project/FPS_BP_Demo/Content/StarterContent/Particles/P_Fire.uasset" 389
"E:/Game Project/Unreal Project/FPS_BP_Demo/Content/StarterContent/Blueprints/Blueprint_Effect_Fire.uasset" 390
"E:/Game Project/Unreal Project/FPS_BP_Demo/Content/StarterContent/Audio/Smoke01_Cue.uasset" 391
"E:/Game Project/Unreal Project/FPS_BP_Demo/Content/StarterContent/Particles/P_Smoke.uasset" 392
"E:/Game Project/Unreal Project/FPS_BP_Demo/Content/StarterContent/Blueprints/Blueprint_Effect_Smoke.uasset" 393
"E:/Game Project/Unreal Project/FPS_BP_Demo/Content/StarterContent/Audio/Fire_Sparks01_Cue.uasset" 394
"E:/Game Project/Unreal Project/FPS_BP_Demo/Content/StarterContent/Textures/T_Spark_Core.uasset" 395
"E:/Game Project/Unreal Project/FPS_BP_Demo/Content/StarterContent/Particles/Materials/M_Spark.uasset" 396
"E:/Game Project/Unreal Project/FPS_BP_Demo/Content/StarterContent/Particles/P_Sparks.uasset" 397
"E:/Game Project/Unreal Project/FPS_BP_Demo/Content/StarterContent/Blueprints/Blueprint_Effect_Sparks.uasset" 398
"E:/Game Project/Unreal Project/FPS_BP_Demo/Content/StarterContent/Audio/Steam01_Cue.uasset" 399
"E:/Game Project/Unreal Project/FPS_BP_Demo/Content/StarterContent/Particles/P_Steam_Lit.uasset" 400
"E:/Game Project/Unreal Project/FPS_BP_Demo/Content/StarterContent/Blueprints/Blueprint_Effect_Steam.uasset" 401
"E:/Game Project/Unreal Project/FPS_BP_Demo/Content/StarterContent/Textures/T_Lamp_M.uasset" 402
"E:/Game Project/Unreal Project/FPS_BP_Demo/Content/StarterContent/Textures/T_Lamp_N.uasset" 403
"E:/Game Project/Unreal Project/FPS_BP_Demo/Content/StarterContent/Props/Materials/M_Lamp.uasset" 404
"E:/Game Project/Unreal Project/FPS_BP_Demo/Content/StarterContent/Props/SM_Lamp_Ceiling.uasset" 405
"E:/Game Project/Unreal Project/FPS_BP_Demo/Content/StarterContent/Blueprints/Blueprint_CeilingLight.uasset" 406
"E:/Game Project/Unreal Project/FPS_BP_Demo/Content/StarterContent/Props/SM_Lamp_Wall.uasset" 407
"E:/Game Project/Unreal Project/FPS_BP_Demo/Content/StarterContent/Blueprints/Blueprint_WallSconce.uasset" 408
"E:/Game Project/Unreal Project/FPS_BP_Demo/Content/StarterContent/Maps/StarterMap_BuiltData.uasset" 409
"E:/Game Project/Unreal Project/FPS_BP_Demo/Content/StarterContent/Textures/T_Brick_Clay_Beveled_D.uasset" 410
"E:/Game Project/Unreal Project/FPS_BP_Demo/Content/StarterContent/Textures/T_Brick_Clay_Beveled_M.uasset" 411
"E:/Game Project/Unreal Project/FPS_BP_Demo/Content/StarterContent/Textures/T_Brick_Clay_Beveled_N.uasset" 412
"E:/Game Project/Unreal Project/FPS_BP_Demo/Content/StarterContent/Materials/M_Brick_Clay_Beveled.uasset" 413
"E:/Game Project/Unreal Project/FPS_BP_Demo/Content/StarterContent/Textures/T_Brick_Clay_New_D.uasset" 414
"E:/Game Project/Unreal Project/FPS_BP_Demo/Content/StarterContent/Textures/T_Brick_Clay_New_M.uasset" 415
"E:/Game Project/Unreal Project/FPS_BP_Demo/Content/StarterContent/Textures/T_Brick_Clay_New_N.uasset" 416
"E:/Game Project/Unreal Project/FPS_BP_Demo/Content/StarterContent/Materials/M_Brick_Clay_New.uasset" 417
"E:/Game Project/Unreal Project/FPS_BP_Demo/Content/StarterContent/Textures/T_Brick_Clay_Old_D.uasset" 418
"E:/Game Project/Unreal Project/FPS_BP_Demo/Content/StarterContent/Textures/T_Brick_Clay_Old_N.uasset" 419
"E:/Game Project/Unreal Project/FPS_BP_Demo/Content/StarterContent/Textures/T_Perlin_Noise_M.uasset" 420
"E:/Game Project/Unreal Project/FPS_BP_Demo/Content/StarterContent/Materials/M_Brick_Clay_Old.uasset" 421
"E:/Game Project/Unreal Project/FPS_BP_Demo/Content/StarterContent/Textures/T_Brick_Cut_Stone_D.uasset" 422
"E:/Game Project/Unreal Project/FPS_BP_Demo/Content/StarterContent/Textures/T_Brick_Cut_Stone_N.uasset" 423
"E:/Game Project/Unreal Project/FPS_BP_Demo/Content/StarterContent/Materials/M_Brick_Cut_Stone.uasset" 424
"E:/Game Project/Unreal Project/FPS_BP_Demo/Content/StarterContent/Textures/T_Brick_Hewn_Stone_D.uasset" 425
"E:/Game Project/Unreal Project/FPS_BP_Demo/Content/StarterContent/Textures/T_Brick_Hewn_Stone_M.uasset" 426
"E:/Game Project/Unreal Project/FPS_BP_Demo/Content/StarterContent/Textures/T_Brick_Hewn_Stone_N.uasset" 427
"E:/Game Project/Unreal Project/FPS_BP_Demo/Content/StarterContent/Materials/M_Brick_Hewn_Stone.uasset" 428
"E:/Game Project/Unreal Project/FPS_BP_Demo/Content/StarterContent/Textures/T_Ceramic_Tile_M.uasset" 429
"E:/Game Project/Unreal Project/FPS_BP_Demo/Content/StarterContent/Textures/T_Ceramic_Tile_N.uasset" 430
"E:/Game Project/Unreal Project/FPS_BP_Demo/Content/StarterContent/Textures/T_Rock_Marble_Polished_D.uasset" 431
"E:/Game Project/Unreal Project/FPS_BP_Demo/Content/StarterContent/Materials/M_Ceramic_Tile_Checker.uasset" 432
"E:/Game Project/Unreal Project/FPS_BP_Demo/Content/StarterContent/Textures/T_CobbleStone_Pebble_D.uasset" 433
"E:/Game Project/Unreal Project/FPS_BP_Demo/Content/StarterContent/Textures/T_CobbleStone_Pebble_M.uasset" 434
"E:/Game Project/Unreal Project/FPS_BP_Demo/Content/StarterContent/Textures/T_CobbleStone_Pebble_N.uasset" 435
"E:/Game Project/Unreal Project/FPS_BP_Demo/Content/StarterContent/Materials/M_CobbleStone_Pebble.uasset" 436
"E:/Game Project/Unreal Project/FPS_BP_Demo/Content/StarterContent/Textures/T_CobbleStone_Rough_D.uasset" 437
"E:/Game Project/Unreal Project/FPS_BP_Demo/Content/StarterContent/Textures/T_CobbleStone_Rough_N.uasset" 438
"E:/Game Project/Unreal Project/FPS_BP_Demo/Content/StarterContent/Textures/T_Gradinet_01.uasset" 439
"E:/Game Project/Unreal Project/FPS_BP_Demo/Content/StarterContent/Textures/T_Rock_Smooth_Granite_D.uasset" 440
"E:/Game Project/Unreal Project/FPS_BP_Demo/Content/StarterContent/Materials/M_CobbleStone_Rough.uasset" 441
"E:/Game Project/Unreal Project/FPS_BP_Demo/Content/StarterContent/Textures/T_CobbleStone_Smooth_D.uasset" 442
"E:/Game Project/Unreal Project/FPS_BP_Demo/Content/StarterContent/Textures/T_CobbleStone_Smooth_M.uasset" 443
"E:/Game Project/Unreal Project/FPS_BP_Demo/Content/StarterContent/Textures/T_CobbleStone_Smooth_N.uasset" 444
"E:/Game Project/Unreal Project/FPS_BP_Demo/Content/StarterContent/Materials/M_CobbleStone_Smooth.uasset" 445
"E:/Game Project/Unreal Project/FPS_BP_Demo/Content/StarterContent/Textures/T_Concrete_Grime_D.uasset" 446
"E:/Game Project/Unreal Project/FPS_BP_Demo/Content/StarterContent/Textures/T_Metal_Rust_N.uasset" 447
"E:/Game Project/Unreal Project/FPS_BP_Demo/Content/StarterContent/Materials/M_Concrete_Grime.uasset" 448
"E:/Game Project/Unreal Project/FPS_BP_Demo/Content/StarterContent/Textures/T_Concrete_Panels_D.uasset" 449
"E:/Game Project/Unreal Project/FPS_BP_Demo/Content/StarterContent/Textures/T_Concrete_Panels_N.uasset" 450
"E:/Game Project/Unreal Project/FPS_BP_Demo/Content/StarterContent/Materials/M_Concrete_Panels.uasset" 451
"E:/Game Project/Unreal Project/FPS_BP_Demo/Content/StarterContent/Textures/T_Concrete_Poured_D.uasset" 452
"E:/Game Project/Unreal Project/FPS_BP_Demo/Content/StarterContent/Textures/T_Concrete_Poured_N.uasset" 453
"E:/Game Project/Unreal Project/FPS_BP_Demo/Content/StarterContent/Materials/M_Concrete_Poured.uasset" 454
"E:/Game Project/Unreal Project/FPS_BP_Demo/Content/StarterContent/Textures/T_Concrete_Tiles_D.uasset" 455
"E:/Game Project/Unreal Project/FPS_BP_Demo/Content/StarterContent/Textures/T_Concrete_Tiles_M.uasset" 456
"E:/Game Project/Unreal Project/FPS_BP_Demo/Content/StarterContent/Textures/T_Concrete_Tiles_N.uasset" 457
"E:/Game Project/Unreal Project/FPS_BP_Demo/Content/StarterContent/Textures/T_Concrete_Tiles_Variation_M.uasset" 458
"E:/Game Project/Unreal Project/FPS_BP_Demo/Content/StarterContent/Materials/M_Concrete_Tiles.uasset" 459
"E:/Game Project/Unreal Project/FPS_BP_Demo/Content/StarterContent/Textures/T_Ground_Grass_D.uasset" 460
"E:/Game Project/Unreal Project/FPS_BP_Demo/Content/StarterContent/Textures/T_Ground_Grass_N.uasset" 461
"E:/Game Project/Unreal Project/FPS_BP_Demo/Content/StarterContent/Materials/M_Ground_Grass.uasset" 462
"E:/Game Project/Unreal Project/FPS_BP_Demo/Content/StarterContent/Textures/T_Ground_Gravel_D.uasset" 463
"E:/Game Project/Unreal Project/FPS_BP_Demo/Content/StarterContent/Textures/T_Ground_Gravel_N.uasset" 464
"E:/Game Project/Unreal Project/FPS_BP_Demo/Content/StarterContent/Materials/M_Ground_Gravel.uasset" 465
"E:/Game Project/Unreal Project/FPS_BP_Demo/Content/StarterContent/Textures/T_ground_Moss_D.uasset" 466
"E:/Game Project/Unreal Project/FPS_BP_Demo/Content/StarterContent/Textures/T_Ground_Moss_N.uasset" 467
"E:/Game Project/Unreal Project/FPS_BP_Demo/Content/StarterContent/Materials/M_Ground_Moss.uasset" 468
"E:/Game Project/Unreal Project/FPS_BP_Demo/Content/StarterContent/Materials/M_Metal_Chrome.uasset" 469
"E:/Game Project/Unreal Project/FPS_BP_Demo/Content/StarterContent/Textures/T_Metal_Gold_D.uasset" 470
"E:/Game Project/Unreal Project/FPS_BP_Demo/Content/StarterContent/Materials/M_Metal_Gold.uasset" 471
"E:/Game Project/Unreal Project/FPS_BP_Demo/Content/StarterContent/Textures/T_Metal_Rust_D.uasset" 472
"E:/Game Project/Unreal Project/FPS_BP_Demo/Content/StarterContent/Materials/M_Metal_Rust.uasset" 473
"E:/Game Project/Unreal Project/FPS_BP_Demo/Content/StarterContent/Textures/T_Metal_Steel_D.uasset" 474
"E:/Game Project/Unreal Project/FPS_BP_Demo/Content/StarterContent/Textures/T_Metal_Steel_N.uasset" 475
"E:/Game Project/Unreal Project/FPS_BP_Demo/Content/StarterContent/Materials/M_Metal_Steel.uasset" 476
"E:/Game Project/Unreal Project/FPS_BP_Demo/Content/StarterContent/Textures/T_Rock_Basalt_N.uasset" 477
"E:/Game Project/Unreal Project/FPS_BP_Demo/Content/StarterContent/Materials/M_Rock_Basalt.uasset" 478
"E:/Game Project/Unreal Project/FPS_BP_Demo/Content/StarterContent/Materials/M_Rock_Marble_Polished.uasset" 479
"E:/Game Project/Unreal Project/FPS_BP_Demo/Content/StarterContent/Textures/T_Rock_Sandstone_D.uasset" 480
"E:/Game Project/Unreal Project/FPS_BP_Demo/Content/StarterContent/Textures/T_Rock_Sandstone_N.uasset" 481
"E:/Game Project/Unreal Project/FPS_BP_Demo/Content/StarterContent/Materials/M_Rock_Sandstone.uasset" 482
"E:/Game Project/Unreal Project/FPS_BP_Demo/Content/StarterContent/Textures/T_Rock_Slate_D.uasset" 483
"E:/Game Project/Unreal Project/FPS_BP_Demo/Content/StarterContent/Textures/T_Rock_Slate_N.uasset" 484
"E:/Game Project/Unreal Project/FPS_BP_Demo/Content/StarterContent/Materials/M_Rock_Slate.uasset" 485
"E:/Game Project/Unreal Project/FPS_BP_Demo/Content/StarterContent/Textures/T_Checker_Noise_M.uasset" 486
"E:/Game Project/Unreal Project/FPS_BP_Demo/Content/StarterContent/Textures/T_Single_Tile_N.uasset" 487
"E:/Game Project/Unreal Project/FPS_BP_Demo/Content/StarterContent/Textures/T_Tech_Dot_M.uasset" 488
"E:/Game Project/Unreal Project/FPS_BP_Demo/Content/StarterContent/Textures/T_Tech_Dot_N.uasset" 489
"E:/Game Project/Unreal Project/FPS_BP_Demo/Content/StarterContent/Materials/M_Tech_Checker_Dot.uasset" 490
"E:/Game Project/Unreal Project/FPS_BP_Demo/Content/StarterContent/Textures/T_Tech_Hex_Tile_M.uasset" 491
"E:/Game Project/Unreal Project/FPS_BP_Demo/Content/StarterContent/Textures/T_Tech_Hex_Tile_N.uasset" 492
"E:/Game Project/Unreal Project/FPS_BP_Demo/Content/StarterContent/Materials/M_Tech_Hex_Tile.uasset" 493
"E:/Game Project/Unreal Project/FPS_BP_Demo/Content/StarterContent/Materials/M_Tech_Hex_Tile_Pulse.uasset" 494
"E:/Game Project/Unreal Project/FPS_BP_Demo/Content/StarterContent/Textures/T_Tech_Panel_M.uasset" 495
"E:/Game Project/Unreal Project/FPS_BP_Demo/Content/StarterContent/Textures/T_Tech_Panel_N.uasset" 496
"E:/Game Project/Unreal Project/FPS_BP_Demo/Content/StarterContent/Materials/M_Tech_Panel.uasset" 497
"E:/Game Project/Unreal Project/FPS_BP_Demo/Content/StarterContent/Materials/M_Water_Lake.uasset" 498
"E:/Game Project/Unreal Project/FPS_BP_Demo/Content/StarterContent/Textures/T_Water_M.uasset" 499
"E:/Game Project/Unreal Project/FPS_BP_Demo/Content/StarterContent/Materials/M_Water_Ocean.uasset" 500
"E:/Game Project/Unreal Project/FPS_BP_Demo/Content/StarterContent/Textures/T_Wood_Floor_Walnut_D.uasset" 501
"E:/Game Project/Unreal Project/FPS_BP_Demo/Content/StarterContent/Textures/T_Wood_Floor_Walnut_M.uasset" 502
"E:/Game Project/Unreal Project/FPS_BP_Demo/Content/StarterContent/Textures/T_Wood_Floor_Walnut_N.uasset" 503
"E:/Game Project/Unreal Project/FPS_BP_Demo/Content/StarterContent/Materials/M_Wood_Floor_Walnut_Polished.uasset" 504
"../../../Engine/Content/Functions/Engine_MaterialFunctions01/Opacity/AlphaOffset.uasset" 505
"E:/Game Project/Unreal Project/FPS_BP_Demo/Content/StarterContent/Materials/M_Wood_Floor_Walnut_Worn.uasset" 506
"E:/Game Project/Unreal Project/FPS_BP_Demo/Content/StarterContent/Textures/T_Wood_Oak_D.uasset" 507
"E:/Game Project/Unreal Project/FPS_BP_Demo/Content/StarterContent/Textures/T_Wood_Oak_N.uasset" 508
"E:/Game Project/Unreal Project/FPS_BP_Demo/Content/StarterContent/Materials/M_Wood_Oak.uasset" 509
"E:/Game Project/Unreal Project/FPS_BP_Demo/Content/StarterContent/Textures/T_Wood_Pine_D.uasset" 510
"E:/Game Project/Unreal Project/FPS_BP_Demo/Content/StarterContent/Textures/T_Wood_Pine_N.uasset" 511
"E:/Game Project/Unreal Project/FPS_BP_Demo/Content/StarterContent/Materials/M_Wood_Pine.uasset" 512
"E:/Game Project/Unreal Project/FPS_BP_Demo/Content/StarterContent/Textures/T_Wood_Walnut_D.uasset" 513
"E:/Game Project/Unreal Project/FPS_BP_Demo/Content/StarterContent/Textures/T_Wood_Walnut_N.uasset" 514
"E:/Game Project/Unreal Project/FPS_BP_Demo/Content/StarterContent/Materials/M_Wood_Walnut.uasset" 515
"E:/Game Project/Unreal Project/FPS_BP_Demo/Content/StarterContent/Architecture/Wall_400x200.uasset" 516
"E:/Game Project/Unreal Project/FPS_BP_Demo/Content/StarterContent/Architecture/Wall_Door_400x300.uasset" 517
"E:/Game Project/Unreal Project/FPS_BP_Demo/Content/StarterContent/Architecture/Wall_Window_400x300.uasset" 518
"E:/Game Project/Unreal Project/FPS_BP_Demo/Content/StarterContent/Audio/Collapse_Cue.uasset" 519
"E:/Game Project/Unreal Project/FPS_BP_Demo/Content/StarterContent/Audio/Starter_Music_Cue.uasset" 520
"E:/Game Project/Unreal Project/FPS_BP_Demo/Content/StarterContent/Textures/T_Dust_Particle_D.uasset" 521
"E:/Game Project/Unreal Project/FPS_BP_Demo/Content/StarterContent/Particles/Materials/M_Dust_Particle.uasset" 522
"E:/Game Project/Unreal Project/FPS_BP_Demo/Content/StarterContent/Particles/P_Ambient_Dust.uasset" 523
"E:/Game Project/Unreal Project/FPS_BP_Demo/Content/StarterContent/Props/MaterialSphere.uasset" 524
"E:/Game Project/Unreal Project/FPS_BP_Demo/Content/StarterContent/Textures/T_Frame_M.uasset" 525
"E:/Game Project/Unreal Project/FPS_BP_Demo/Content/StarterContent/Textures/T_Frame_N.uasset" 526
"E:/Game Project/Unreal Project/FPS_BP_Demo/Content/StarterContent/Props/Materials/M_Frame.uasset" 527
"E:/Game Project/Unreal Project/FPS_BP_Demo/Content/StarterContent/Props/SM_CornerFrame.uasset" 528
"E:/Game Project/Unreal Project/FPS_BP_Demo/Content/StarterContent/Props/SM_DoorFrame.uasset" 529
"E:/Game Project/Unreal Project/FPS_BP_Demo/Content/StarterContent/Props/SM_GlassWindow.uasset" 530
"E:/Game Project/Unreal Project/FPS_BP_Demo/Content/StarterContent/Props/SM_PillarFrame.uasset" 531
"E:/Game Project/Unreal Project/FPS_BP_Demo/Content/StarterContent/Props/SM_PillarFrame300.uasset" 532
"E:/Game Project/Unreal Project/FPS_BP_Demo/Content/StarterContent/Props/SM_WindowFrame.uasset" 533
"E:/Game Project/Unreal Project/FPS_BP_Demo/Content/StarterContent/Shapes/Shape_Cube.uasset" 534
"E:/Game Project/Unreal Project/FPS_BP_Demo/Content/StarterContent/Shapes/Shape_QuadPyramid.uasset" 535
"E:/Game Project/Unreal Project/FPS_BP_Demo/Content/StarterContent/Shapes/Shape_Sphere.uasset" 536
"E:/Game Project/Unreal Project/FPS_BP_Demo/Content/StarterContent/Maps/StarterMap.umap" 537
"../../../Engine/Content/Maps/Entry_BuiltData.uasset" 538
"../../../Engine/Content/Maps/Entry.umap" 539
